<?xml version="1.0" encoding="utf-8"?>
<TestRun id="c3febf9f-f7cd-47a8-9c51-2ca6bf0c00f4" name="dougw@CUTEBUTT 2020-03-07 10:56:53" runUser="CUTEBUTT\dougw" xmlns="http://microsoft.com/schemas/VisualStudio/TeamTest/2010">
  <Times creation="2020-03-07T10:56:53.6097911-08:00" queuing="2020-03-07T10:56:53.6097926-08:00" start="2020-03-07T10:56:52.7164598-08:00" finish="2020-03-07T10:56:53.6535129-08:00" />
  <TestSettings name="default" id="0a3f47ee-93e7-4a98-b579-f0c5b33004e4">
    <Deployment runDeploymentRoot="dougw_CUTEBUTT_2020-03-07_10_56_53" />
  </TestSettings>
  <Results>
    <UnitTestResult executionId="71b6e0e1-2d42-43e6-a357-d0de20878b45" testId="e150d58e-ef92-2deb-96aa-b791a21bbd47" testName="ProvisionData.Internet.UnitTests.FullyQualifiedDomainNames.Must_be_comparable_to_String" computerName="CUTEBUTT" duration="00:00:00.0001236" startTime="2020-03-07T10:56:53.5790222-08:00" endTime="2020-03-07T10:56:53.5790223-08:00" testType="13cdc9d9-ddb5-4fa4-a97d-d965ccfc6d4b" outcome="Passed" testListId="8c84fa94-04c1-424b-9868-57a2d4851a1d" relativeResultsDirectory="71b6e0e1-2d42-43e6-a357-d0de20878b45" />
    <UnitTestResult executionId="01c76d63-da75-43da-adcb-3a8c3b1cfe4a" testId="0f8b0aa1-4763-d221-5f05-cbdc0ba7de7a" testName="ProvisionData.Internet.UnitTests.DomainNames.Must_throws_ArgumentNullException_when_domain_null" computerName="CUTEBUTT" duration="00:00:00.0002882" startTime="2020-03-07T10:56:53.5513716-08:00" endTime="2020-03-07T10:56:53.5513719-08:00" testType="13cdc9d9-ddb5-4fa4-a97d-d965ccfc6d4b" outcome="Passed" testListId="8c84fa94-04c1-424b-9868-57a2d4851a1d" relativeResultsDirectory="01c76d63-da75-43da-adcb-3a8c3b1cfe4a" />
    <UnitTestResult executionId="5cec7c67-c6e3-4fe8-9027-e259f62493f9" testId="e2e746a6-d0ef-d277-a2e0-5461f388f321" testName="ProvisionData.Internet.UnitTests.DomainNames.Must_be_assignable_from_String" computerName="CUTEBUTT" duration="00:00:00.0000986" startTime="2020-03-07T10:56:53.5788177-08:00" endTime="2020-03-07T10:56:53.5788179-08:00" testType="13cdc9d9-ddb5-4fa4-a97d-d965ccfc6d4b" outcome="Passed" testListId="8c84fa94-04c1-424b-9868-57a2d4851a1d" relativeResultsDirectory="5cec7c67-c6e3-4fe8-9027-e259f62493f9" />
    <UnitTestResult executionId="672db0eb-2048-44bb-9dcd-9beadc1f0ca0" testId="b37895da-a680-160d-33de-409a270d5012" testName="ProvisionData.Internet.UnitTests.FullyQualifiedDomainNames.Must_throw_ArgumentException_when_domain_is_empty_or_whitespace" computerName="CUTEBUTT" duration="00:00:00.0004819" startTime="2020-03-07T10:56:53.5516639-08:00" endTime="2020-03-07T10:56:53.5516642-08:00" testType="13cdc9d9-ddb5-4fa4-a97d-d965ccfc6d4b" outcome="Passed" testListId="8c84fa94-04c1-424b-9868-57a2d4851a1d" relativeResultsDirectory="672db0eb-2048-44bb-9dcd-9beadc1f0ca0" />
    <UnitTestResult executionId="9806a57a-2a2a-421e-a339-44f8b5c551de" testId="33c453db-e8ce-cd6d-0f76-fda49a463fe3" testName="ProvisionData.Internet.UnitTests.FullyQualifiedDomainNames.Must_throw_ArgumentNullException_when_domain_null" computerName="CUTEBUTT" duration="00:00:00.0002056" startTime="2020-03-07T10:56:53.5517461-08:00" endTime="2020-03-07T10:56:53.5517462-08:00" testType="13cdc9d9-ddb5-4fa4-a97d-d965ccfc6d4b" outcome="Passed" testListId="8c84fa94-04c1-424b-9868-57a2d4851a1d" relativeResultsDirectory="9806a57a-2a2a-421e-a339-44f8b5c551de" />
    <UnitTestResult executionId="af58aa42-e10f-40a3-b631-7cbc1dd060b3" testId="6443c06b-9e55-d5e3-9352-5cc6ac57eabc" testName="ProvisionData.Internet.UnitTests.DomainNames.Must_throw_ArgumentException_when_domain_is_empty_or_whitespace" computerName="CUTEBUTT" duration="00:00:00.0043482" startTime="2020-03-07T10:56:53.5472146-08:00" endTime="2020-03-07T10:56:53.5473054-08:00" testType="13cdc9d9-ddb5-4fa4-a97d-d965ccfc6d4b" outcome="Passed" testListId="8c84fa94-04c1-424b-9868-57a2d4851a1d" relativeResultsDirectory="af58aa42-e10f-40a3-b631-7cbc1dd060b3" />
    <UnitTestResult executionId="5621ebd5-2e2c-4f3a-80f3-f49e73ce520f" testId="4cb742e6-e5c7-5cf7-a533-c306ae5fdbcc" testName="ProvisionData.Internet.UnitTests.FullyQualifiedDomainNames.Must_throw_ArgumentException_when_domain_does_not_have_trailing_dot" computerName="CUTEBUTT" duration="00:00:00.0002411" startTime="2020-03-07T10:56:53.5788434-08:00" endTime="2020-03-07T10:56:53.5788435-08:00" testType="13cdc9d9-ddb5-4fa4-a97d-d965ccfc6d4b" outcome="Passed" testListId="8c84fa94-04c1-424b-9868-57a2d4851a1d" relativeResultsDirectory="5621ebd5-2e2c-4f3a-80f3-f49e73ce520f" />
    <UnitTestResult executionId="85ba81c9-30f3-4d0f-891d-0dbff95ca309" testId="c66cfed4-bcc1-c7b2-2859-dda12321e0bb" testName="ProvisionData.Internet.UnitTests.FullyQualifiedDomainNames.Must_be_comparable" computerName="CUTEBUTT" duration="00:00:00.0043413" startTime="2020-03-07T10:56:53.5504752-08:00" endTime="2020-03-07T10:56:53.5504759-08:00" testType="13cdc9d9-ddb5-4fa4-a97d-d965ccfc6d4b" outcome="Passed" testListId="8c84fa94-04c1-424b-9868-57a2d4851a1d" relativeResultsDirectory="85ba81c9-30f3-4d0f-891d-0dbff95ca309" />
    <UnitTestResult executionId="b93ec945-7596-40e5-aaf7-43e7921ef4db" testId="0bade20f-06ed-9036-9c2a-ee99b2a3f6d7" testName="ProvisionData.Internet.UnitTests.DomainNames.Must_be_assignable_to_String" computerName="CUTEBUTT" duration="00:00:00.0017692" startTime="2020-03-07T10:56:53.5517804-08:00" endTime="2020-03-07T10:56:53.5517806-08:00" testType="13cdc9d9-ddb5-4fa4-a97d-d965ccfc6d4b" outcome="Passed" testListId="8c84fa94-04c1-424b-9868-57a2d4851a1d" relativeResultsDirectory="b93ec945-7596-40e5-aaf7-43e7921ef4db" />
    <UnitTestResult executionId="f2b2b18c-5d52-4144-b230-cee5fcaac0de" testId="ebd5bbcf-5795-ef6d-883f-b8f134aa0e83" testName="ProvisionData.Internet.UnitTests.DomainNames.Must_be_equatable" computerName="CUTEBUTT" duration="00:00:00.0002888" startTime="2020-03-07T10:56:53.5789683-08:00" endTime="2020-03-07T10:56:53.5789686-08:00" testType="13cdc9d9-ddb5-4fa4-a97d-d965ccfc6d4b" outcome="Passed" testListId="8c84fa94-04c1-424b-9868-57a2d4851a1d" relativeResultsDirectory="f2b2b18c-5d52-4144-b230-cee5fcaac0de" />
    <UnitTestResult executionId="68aa3090-7b18-4694-972e-9e682c993e5e" testId="3183011c-1a4e-116b-0d66-9ffd4abeec36" testName="ProvisionData.Internet.UnitTests.FullyQualifiedDomainNames.Must_accept_IPv4_or_IPv6_addresses" computerName="CUTEBUTT" duration="00:00:00.0004652" startTime="2020-03-07T10:56:53.5789879-08:00" endTime="2020-03-07T10:56:53.5789880-08:00" testType="13cdc9d9-ddb5-4fa4-a97d-d965ccfc6d4b" outcome="Passed" testListId="8c84fa94-04c1-424b-9868-57a2d4851a1d" relativeResultsDirectory="68aa3090-7b18-4694-972e-9e682c993e5e" />
    <UnitTestResult executionId="fa23b024-260e-4a16-9d49-03e1035c55d8" testId="e86ed840-4744-b7d1-d810-67838830937d" testName="ProvisionData.Internet.UnitTests.FullyQualifiedDomainNames.Must_be_assignable_to_String" computerName="CUTEBUTT" duration="00:00:00.0001525" startTime="2020-03-07T10:56:53.5790558-08:00" endTime="2020-03-07T10:56:53.5790560-08:00" testType="13cdc9d9-ddb5-4fa4-a97d-d965ccfc6d4b" outcome="Passed" testListId="8c84fa94-04c1-424b-9868-57a2d4851a1d" relativeResultsDirectory="fa23b024-260e-4a16-9d49-03e1035c55d8" />
    <UnitTestResult executionId="ac5aa19d-b0fe-467f-b383-49d2c5a3a3b1" testId="c8e6594b-8b4c-c493-3e10-01ff2d3310bc" testName="ProvisionData.Internet.UnitTests.DomainNames.Must_be_comparable_to_String" computerName="CUTEBUTT" duration="00:00:00.0000921" startTime="2020-03-07T10:56:53.5787755-08:00" endTime="2020-03-07T10:56:53.5787761-08:00" testType="13cdc9d9-ddb5-4fa4-a97d-d965ccfc6d4b" outcome="Passed" testListId="8c84fa94-04c1-424b-9868-57a2d4851a1d" relativeResultsDirectory="ac5aa19d-b0fe-467f-b383-49d2c5a3a3b1" />
    <UnitTestResult executionId="311a484d-9917-454b-8ce0-5f90cfa4504d" testId="a498a09d-29a3-4eab-b16a-3280868b4991" testName="ProvisionData.Internet.UnitTests.FullyQualifiedDomainNames.Must_be_equatable" computerName="CUTEBUTT" duration="00:00:00.0008722" startTime="2020-03-07T10:56:53.5517083-08:00" endTime="2020-03-07T10:56:53.5517085-08:00" testType="13cdc9d9-ddb5-4fa4-a97d-d965ccfc6d4b" outcome="Passed" testListId="8c84fa94-04c1-424b-9868-57a2d4851a1d" relativeResultsDirectory="311a484d-9917-454b-8ce0-5f90cfa4504d" />
    <UnitTestResult executionId="4c5f21a7-2f65-4212-bd98-8cebe5ce77c8" testId="021b3a94-8d53-d98f-7198-82906eba4fb5" testName="ProvisionData.Internet.UnitTests.DomainNames.Must_be_comparable" computerName="CUTEBUTT" duration="00:00:00.0002114" startTime="2020-03-07T10:56:53.5518314-08:00" endTime="2020-03-07T10:56:53.5518315-08:00" testType="13cdc9d9-ddb5-4fa4-a97d-d965ccfc6d4b" outcome="Passed" testListId="8c84fa94-04c1-424b-9868-57a2d4851a1d" relativeResultsDirectory="4c5f21a7-2f65-4212-bd98-8cebe5ce77c8" />
    <UnitTestResult executionId="bc4f8f59-3cfb-468c-8cf2-0552b42c64fb" testId="866d8589-29ed-9a9d-4a77-76fbdb073a04" testName="ProvisionData.Internet.UnitTests.FullyQualifiedDomainNames.Must_be_assignable_from_String" computerName="CUTEBUTT" duration="00:00:00.0006459" startTime="2020-03-07T10:56:53.5518149-08:00" endTime="2020-03-07T10:56:53.5518150-08:00" testType="13cdc9d9-ddb5-4fa4-a97d-d965ccfc6d4b" outcome="Passed" testListId="8c84fa94-04c1-424b-9868-57a2d4851a1d" relativeResultsDirectory="bc4f8f59-3cfb-468c-8cf2-0552b42c64fb" />
  </Results>
  <TestDefinitions>
    <UnitTest name="ProvisionData.Internet.UnitTests.FullyQualifiedDomainNames.Must_be_assignable_from_String" storage="d:\source\pdsi\provisiondata.internet\tests\provisiondata.internet.unittests\bin\release\netcoreapp3.1\provisiondata.internet.unittests.dll" id="866d8589-29ed-9a9d-4a77-76fbdb073a04">
      <Execution id="bc4f8f59-3cfb-468c-8cf2-0552b42c64fb" />
      <TestMethod codeBase="D:\Source\PDSI\ProvisionData.Internet\tests\ProvisionData.Internet.UnitTests\bin\Release\netcoreapp3.1\ProvisionData.Internet.UnitTests.dll" adapterTypeName="executor://xunit/VsTestRunner2/netcoreapp" className="ProvisionData.Internet.UnitTests.FullyQualifiedDomainNames" name="ProvisionData.Internet.UnitTests.FullyQualifiedDomainNames.Must_be_assignable_from_String" />
    </UnitTest>
    <UnitTest name="ProvisionData.Internet.UnitTests.FullyQualifiedDomainNames.Must_be_assignable_to_String" storage="d:\source\pdsi\provisiondata.internet\tests\provisiondata.internet.unittests\bin\release\netcoreapp3.1\provisiondata.internet.unittests.dll" id="e86ed840-4744-b7d1-d810-67838830937d">
      <Execution id="fa23b024-260e-4a16-9d49-03e1035c55d8" />
      <TestMethod codeBase="D:\Source\PDSI\ProvisionData.Internet\tests\ProvisionData.Internet.UnitTests\bin\Release\netcoreapp3.1\ProvisionData.Internet.UnitTests.dll" adapterTypeName="executor://xunit/VsTestRunner2/netcoreapp" className="ProvisionData.Internet.UnitTests.FullyQualifiedDomainNames" name="ProvisionData.Internet.UnitTests.FullyQualifiedDomainNames.Must_be_assignable_to_String" />
    </UnitTest>
    <UnitTest name="ProvisionData.Internet.UnitTests.DomainNames.Must_be_comparable" storage="d:\source\pdsi\provisiondata.internet\tests\provisiondata.internet.unittests\bin\release\netcoreapp3.1\provisiondata.internet.unittests.dll" id="021b3a94-8d53-d98f-7198-82906eba4fb5">
      <Execution id="4c5f21a7-2f65-4212-bd98-8cebe5ce77c8" />
      <TestMethod codeBase="D:\Source\PDSI\ProvisionData.Internet\tests\ProvisionData.Internet.UnitTests\bin\Release\netcoreapp3.1\ProvisionData.Internet.UnitTests.dll" adapterTypeName="executor://xunit/VsTestRunner2/netcoreapp" className="ProvisionData.Internet.UnitTests.DomainNames" name="ProvisionData.Internet.UnitTests.DomainNames.Must_be_comparable" />
    </UnitTest>
    <UnitTest name="ProvisionData.Internet.UnitTests.FullyQualifiedDomainNames.Must_throw_ArgumentException_when_domain_does_not_have_trailing_dot" storage="d:\source\pdsi\provisiondata.internet\tests\provisiondata.internet.unittests\bin\release\netcoreapp3.1\provisiondata.internet.unittests.dll" id="4cb742e6-e5c7-5cf7-a533-c306ae5fdbcc">
      <Execution id="5621ebd5-2e2c-4f3a-80f3-f49e73ce520f" />
      <TestMethod codeBase="D:\Source\PDSI\ProvisionData.Internet\tests\ProvisionData.Internet.UnitTests\bin\Release\netcoreapp3.1\ProvisionData.Internet.UnitTests.dll" adapterTypeName="executor://xunit/VsTestRunner2/netcoreapp" className="ProvisionData.Internet.UnitTests.FullyQualifiedDomainNames" name="ProvisionData.Internet.UnitTests.FullyQualifiedDomainNames.Must_throw_ArgumentException_when_domain_does_not_have_trailing_dot" />
    </UnitTest>
    <UnitTest name="ProvisionData.Internet.UnitTests.DomainNames.Must_be_assignable_from_String" storage="d:\source\pdsi\provisiondata.internet\tests\provisiondata.internet.unittests\bin\release\netcoreapp3.1\provisiondata.internet.unittests.dll" id="e2e746a6-d0ef-d277-a2e0-5461f388f321">
      <Execution id="5cec7c67-c6e3-4fe8-9027-e259f62493f9" />
      <TestMethod codeBase="D:\Source\PDSI\ProvisionData.Internet\tests\ProvisionData.Internet.UnitTests\bin\Release\netcoreapp3.1\ProvisionData.Internet.UnitTests.dll" adapterTypeName="executor://xunit/VsTestRunner2/netcoreapp" className="ProvisionData.Internet.UnitTests.DomainNames" name="ProvisionData.Internet.UnitTests.DomainNames.Must_be_assignable_from_String" />
    </UnitTest>
    <UnitTest name="ProvisionData.Internet.UnitTests.DomainNames.Must_be_equatable" storage="d:\source\pdsi\provisiondata.internet\tests\provisiondata.internet.unittests\bin\release\netcoreapp3.1\provisiondata.internet.unittests.dll" id="ebd5bbcf-5795-ef6d-883f-b8f134aa0e83">
      <Execution id="f2b2b18c-5d52-4144-b230-cee5fcaac0de" />
      <TestMethod codeBase="D:\Source\PDSI\ProvisionData.Internet\tests\ProvisionData.Internet.UnitTests\bin\Release\netcoreapp3.1\ProvisionData.Internet.UnitTests.dll" adapterTypeName="executor://xunit/VsTestRunner2/netcoreapp" className="ProvisionData.Internet.UnitTests.DomainNames" name="ProvisionData.Internet.UnitTests.DomainNames.Must_be_equatable" />
    </UnitTest>
    <UnitTest name="ProvisionData.Internet.UnitTests.FullyQualifiedDomainNames.Must_throw_ArgumentException_when_domain_is_empty_or_whitespace" storage="d:\source\pdsi\provisiondata.internet\tests\provisiondata.internet.unittests\bin\release\netcoreapp3.1\provisiondata.internet.unittests.dll" id="b37895da-a680-160d-33de-409a270d5012">
      <Execution id="672db0eb-2048-44bb-9dcd-9beadc1f0ca0" />
      <TestMethod codeBase="D:\Source\PDSI\ProvisionData.Internet\tests\ProvisionData.Internet.UnitTests\bin\Release\netcoreapp3.1\ProvisionData.Internet.UnitTests.dll" adapterTypeName="executor://xunit/VsTestRunner2/netcoreapp" className="ProvisionData.Internet.UnitTests.FullyQualifiedDomainNames" name="ProvisionData.Internet.UnitTests.FullyQualifiedDomainNames.Must_throw_ArgumentException_when_domain_is_empty_or_whitespace" />
    </UnitTest>
    <UnitTest name="ProvisionData.Internet.UnitTests.FullyQualifiedDomainNames.Must_be_comparable_to_String" storage="d:\source\pdsi\provisiondata.internet\tests\provisiondata.internet.unittests\bin\release\netcoreapp3.1\provisiondata.internet.unittests.dll" id="e150d58e-ef92-2deb-96aa-b791a21bbd47">
      <Execution id="71b6e0e1-2d42-43e6-a357-d0de20878b45" />
      <TestMethod codeBase="D:\Source\PDSI\ProvisionData.Internet\tests\ProvisionData.Internet.UnitTests\bin\Release\netcoreapp3.1\ProvisionData.Internet.UnitTests.dll" adapterTypeName="executor://xunit/VsTestRunner2/netcoreapp" className="ProvisionData.Internet.UnitTests.FullyQualifiedDomainNames" name="ProvisionData.Internet.UnitTests.FullyQualifiedDomainNames.Must_be_comparable_to_String" />
    </UnitTest>
    <UnitTest name="ProvisionData.Internet.UnitTests.DomainNames.Must_be_comparable_to_String" storage="d:\source\pdsi\provisiondata.internet\tests\provisiondata.internet.unittests\bin\release\netcoreapp3.1\provisiondata.internet.unittests.dll" id="c8e6594b-8b4c-c493-3e10-01ff2d3310bc">
      <Execution id="ac5aa19d-b0fe-467f-b383-49d2c5a3a3b1" />
      <TestMethod codeBase="D:\Source\PDSI\ProvisionData.Internet\tests\ProvisionData.Internet.UnitTests\bin\Release\netcoreapp3.1\ProvisionData.Internet.UnitTests.dll" adapterTypeName="executor://xunit/VsTestRunner2/netcoreapp" className="ProvisionData.Internet.UnitTests.DomainNames" name="ProvisionData.Internet.UnitTests.DomainNames.Must_be_comparable_to_String" />
    </UnitTest>
    <UnitTest name="ProvisionData.Internet.UnitTests.FullyQualifiedDomainNames.Must_be_comparable" storage="d:\source\pdsi\provisiondata.internet\tests\provisiondata.internet.unittests\bin\release\netcoreapp3.1\provisiondata.internet.unittests.dll" id="c66cfed4-bcc1-c7b2-2859-dda12321e0bb">
      <Execution id="85ba81c9-30f3-4d0f-891d-0dbff95ca309" />
      <TestMethod codeBase="D:\Source\PDSI\ProvisionData.Internet\tests\ProvisionData.Internet.UnitTests\bin\Release\netcoreapp3.1\ProvisionData.Internet.UnitTests.dll" adapterTypeName="executor://xunit/VsTestRunner2/netcoreapp" className="ProvisionData.Internet.UnitTests.FullyQualifiedDomainNames" name="ProvisionData.Internet.UnitTests.FullyQualifiedDomainNames.Must_be_comparable" />
    </UnitTest>
    <UnitTest name="ProvisionData.Internet.UnitTests.DomainNames.Must_throws_ArgumentNullException_when_domain_null" storage="d:\source\pdsi\provisiondata.internet\tests\provisiondata.internet.unittests\bin\release\netcoreapp3.1\provisiondata.internet.unittests.dll" id="0f8b0aa1-4763-d221-5f05-cbdc0ba7de7a">
      <Execution id="01c76d63-da75-43da-adcb-3a8c3b1cfe4a" />
      <TestMethod codeBase="D:\Source\PDSI\ProvisionData.Internet\tests\ProvisionData.Internet.UnitTests\bin\Release\netcoreapp3.1\ProvisionData.Internet.UnitTests.dll" adapterTypeName="executor://xunit/VsTestRunner2/netcoreapp" className="ProvisionData.Internet.UnitTests.DomainNames" name="ProvisionData.Internet.UnitTests.DomainNames.Must_throws_ArgumentNullException_when_domain_null" />
    </UnitTest>
    <UnitTest name="ProvisionData.Internet.UnitTests.DomainNames.Must_throw_ArgumentException_when_domain_is_empty_or_whitespace" storage="d:\source\pdsi\provisiondata.internet\tests\provisiondata.internet.unittests\bin\release\netcoreapp3.1\provisiondata.internet.unittests.dll" id="6443c06b-9e55-d5e3-9352-5cc6ac57eabc">
      <Execution id="af58aa42-e10f-40a3-b631-7cbc1dd060b3" />
      <TestMethod codeBase="D:\Source\PDSI\ProvisionData.Internet\tests\ProvisionData.Internet.UnitTests\bin\Release\netcoreapp3.1\ProvisionData.Internet.UnitTests.dll" adapterTypeName="executor://xunit/VsTestRunner2/netcoreapp" className="ProvisionData.Internet.UnitTests.DomainNames" name="ProvisionData.Internet.UnitTests.DomainNames.Must_throw_ArgumentException_when_domain_is_empty_or_whitespace" />
    </UnitTest>
    <UnitTest name="ProvisionData.Internet.UnitTests.DomainNames.Must_be_assignable_to_String" storage="d:\source\pdsi\provisiondata.internet\tests\provisiondata.internet.unittests\bin\release\netcoreapp3.1\provisiondata.internet.unittests.dll" id="0bade20f-06ed-9036-9c2a-ee99b2a3f6d7">
      <Execution id="b93ec945-7596-40e5-aaf7-43e7921ef4db" />
      <TestMethod codeBase="D:\Source\PDSI\ProvisionData.Internet\tests\ProvisionData.Internet.UnitTests\bin\Release\netcoreapp3.1\ProvisionData.Internet.UnitTests.dll" adapterTypeName="executor://xunit/VsTestRunner2/netcoreapp" className="ProvisionData.Internet.UnitTests.DomainNames" name="ProvisionData.Internet.UnitTests.DomainNames.Must_be_assignable_to_String" />
    </UnitTest>
    <UnitTest name="ProvisionData.Internet.UnitTests.FullyQualifiedDomainNames.Must_accept_IPv4_or_IPv6_addresses" storage="d:\source\pdsi\provisiondata.internet\tests\provisiondata.internet.unittests\bin\release\netcoreapp3.1\provisiondata.internet.unittests.dll" id="3183011c-1a4e-116b-0d66-9ffd4abeec36">
      <Execution id="68aa3090-7b18-4694-972e-9e682c993e5e" />
      <TestMethod codeBase="D:\Source\PDSI\ProvisionData.Internet\tests\ProvisionData.Internet.UnitTests\bin\Release\netcoreapp3.1\ProvisionData.Internet.UnitTests.dll" adapterTypeName="executor://xunit/VsTestRunner2/netcoreapp" className="ProvisionData.Internet.UnitTests.FullyQualifiedDomainNames" name="ProvisionData.Internet.UnitTests.FullyQualifiedDomainNames.Must_accept_IPv4_or_IPv6_addresses" />
    </UnitTest>
    <UnitTest name="ProvisionData.Internet.UnitTests.FullyQualifiedDomainNames.Must_throw_ArgumentNullException_when_domain_null" storage="d:\source\pdsi\provisiondata.internet\tests\provisiondata.internet.unittests\bin\release\netcoreapp3.1\provisiondata.internet.unittests.dll" id="33c453db-e8ce-cd6d-0f76-fda49a463fe3">
      <Execution id="9806a57a-2a2a-421e-a339-44f8b5c551de" />
      <TestMethod codeBase="D:\Source\PDSI\ProvisionData.Internet\tests\ProvisionData.Internet.UnitTests\bin\Release\netcoreapp3.1\ProvisionData.Internet.UnitTests.dll" adapterTypeName="executor://xunit/VsTestRunner2/netcoreapp" className="ProvisionData.Internet.UnitTests.FullyQualifiedDomainNames" name="ProvisionData.Internet.UnitTests.FullyQualifiedDomainNames.Must_throw_ArgumentNullException_when_domain_null" />
    </UnitTest>
    <UnitTest name="ProvisionData.Internet.UnitTests.FullyQualifiedDomainNames.Must_be_equatable" storage="d:\source\pdsi\provisiondata.internet\tests\provisiondata.internet.unittests\bin\release\netcoreapp3.1\provisiondata.internet.unittests.dll" id="a498a09d-29a3-4eab-b16a-3280868b4991">
      <Execution id="311a484d-9917-454b-8ce0-5f90cfa4504d" />
      <TestMethod codeBase="D:\Source\PDSI\ProvisionData.Internet\tests\ProvisionData.Internet.UnitTests\bin\Release\netcoreapp3.1\ProvisionData.Internet.UnitTests.dll" adapterTypeName="executor://xunit/VsTestRunner2/netcoreapp" className="ProvisionData.Internet.UnitTests.FullyQualifiedDomainNames" name="ProvisionData.Internet.UnitTests.FullyQualifiedDomainNames.Must_be_equatable" />
    </UnitTest>
  </TestDefinitions>
  <TestEntries>
    <TestEntry testId="e150d58e-ef92-2deb-96aa-b791a21bbd47" executionId="71b6e0e1-2d42-43e6-a357-d0de20878b45" testListId="8c84fa94-04c1-424b-9868-57a2d4851a1d" />
    <TestEntry testId="0f8b0aa1-4763-d221-5f05-cbdc0ba7de7a" executionId="01c76d63-da75-43da-adcb-3a8c3b1cfe4a" testListId="8c84fa94-04c1-424b-9868-57a2d4851a1d" />
    <TestEntry testId="e2e746a6-d0ef-d277-a2e0-5461f388f321" executionId="5cec7c67-c6e3-4fe8-9027-e259f62493f9" testListId="8c84fa94-04c1-424b-9868-57a2d4851a1d" />
    <TestEntry testId="b37895da-a680-160d-33de-409a270d5012" executionId="672db0eb-2048-44bb-9dcd-9beadc1f0ca0" testListId="8c84fa94-04c1-424b-9868-57a2d4851a1d" />
    <TestEntry testId="33c453db-e8ce-cd6d-0f76-fda49a463fe3" executionId="9806a57a-2a2a-421e-a339-44f8b5c551de" testListId="8c84fa94-04c1-424b-9868-57a2d4851a1d" />
    <TestEntry testId="6443c06b-9e55-d5e3-9352-5cc6ac57eabc" executionId="af58aa42-e10f-40a3-b631-7cbc1dd060b3" testListId="8c84fa94-04c1-424b-9868-57a2d4851a1d" />
    <TestEntry testId="4cb742e6-e5c7-5cf7-a533-c306ae5fdbcc" executionId="5621ebd5-2e2c-4f3a-80f3-f49e73ce520f" testListId="8c84fa94-04c1-424b-9868-57a2d4851a1d" />
    <TestEntry testId="c66cfed4-bcc1-c7b2-2859-dda12321e0bb" executionId="85ba81c9-30f3-4d0f-891d-0dbff95ca309" testListId="8c84fa94-04c1-424b-9868-57a2d4851a1d" />
    <TestEntry testId="0bade20f-06ed-9036-9c2a-ee99b2a3f6d7" executionId="b93ec945-7596-40e5-aaf7-43e7921ef4db" testListId="8c84fa94-04c1-424b-9868-57a2d4851a1d" />
    <TestEntry testId="ebd5bbcf-5795-ef6d-883f-b8f134aa0e83" executionId="f2b2b18c-5d52-4144-b230-cee5fcaac0de" testListId="8c84fa94-04c1-424b-9868-57a2d4851a1d" />
    <TestEntry testId="3183011c-1a4e-116b-0d66-9ffd4abeec36" executionId="68aa3090-7b18-4694-972e-9e682c993e5e" testListId="8c84fa94-04c1-424b-9868-57a2d4851a1d" />
    <TestEntry testId="e86ed840-4744-b7d1-d810-67838830937d" executionId="fa23b024-260e-4a16-9d49-03e1035c55d8" testListId="8c84fa94-04c1-424b-9868-57a2d4851a1d" />
    <TestEntry testId="c8e6594b-8b4c-c493-3e10-01ff2d3310bc" executionId="ac5aa19d-b0fe-467f-b383-49d2c5a3a3b1" testListId="8c84fa94-04c1-424b-9868-57a2d4851a1d" />
    <TestEntry testId="a498a09d-29a3-4eab-b16a-3280868b4991" executionId="311a484d-9917-454b-8ce0-5f90cfa4504d" testListId="8c84fa94-04c1-424b-9868-57a2d4851a1d" />
    <TestEntry testId="021b3a94-8d53-d98f-7198-82906eba4fb5" executionId="4c5f21a7-2f65-4212-bd98-8cebe5ce77c8" testListId="8c84fa94-04c1-424b-9868-57a2d4851a1d" />
    <TestEntry testId="866d8589-29ed-9a9d-4a77-76fbdb073a04" executionId="bc4f8f59-3cfb-468c-8cf2-0552b42c64fb" testListId="8c84fa94-04c1-424b-9868-57a2d4851a1d" />
  </TestEntries>
  <TestLists>
    <TestList name="Results Not in a List" id="8c84fa94-04c1-424b-9868-57a2d4851a1d" />
    <TestList name="All Loaded Results" id="19431567-8539-422a-85d7-44ee4e166bda" />
  </TestLists>
  <ResultSummary outcome="Completed">
    <Counters total="16" executed="16" passed="16" failed="0" error="0" timeout="0" aborted="0" inconclusive="0" passedButRunAborted="0" notRunnable="0" notExecuted="0" disconnected="0" warning="0" completed="0" inProgress="0" pending="0" />
    <Output>
      <StdOut>[xUnit.net 00:00:00.00] xUnit.net VSTest Adapter v2.4.0 (64-bit .NET Core 3.1.2)&#xD;
[xUnit.net 00:00:00.31]   Discovering: ProvisionData.Internet.UnitTests&#xD;
[xUnit.net 00:00:00.34]   Discovered:  ProvisionData.Internet.UnitTests&#xD;
[xUnit.net 00:00:00.34]   Starting:    ProvisionData.Internet.UnitTests&#xD;
[xUnit.net 00:00:00.43]   Finished:    ProvisionData.Internet.UnitTests&#xD;
</StdOut>
    </Output>
  </ResultSummary>
</TestRun>