<?xml version="1.0" encoding="utf-8"?>
<TestRun id="c6be3688-6c78-4bdb-b305-b763dbc9811e" name="dougw@CUTEBUTT 2020-03-07 10:56:06" runUser="CUTEBUTT\dougw" xmlns="http://microsoft.com/schemas/VisualStudio/TeamTest/2010">
  <Times creation="2020-03-07T10:56:06.2007908-08:00" queuing="2020-03-07T10:56:06.2007919-08:00" start="2020-03-07T10:56:05.2889060-08:00" finish="2020-03-07T10:56:06.2469775-08:00" />
  <TestSettings name="default" id="888616f0-08a9-478e-a805-493db9a854dc">
    <Deployment runDeploymentRoot="dougw_CUTEBUTT_2020-03-07_10_56_06" />
  </TestSettings>
  <Results>
    <UnitTestResult executionId="de624ed1-08e8-48fe-bbb7-c1accfbec828" testId="a498a09d-29a3-4eab-b16a-3280868b4991" testName="ProvisionData.Internet.UnitTests.FullyQualifiedDomainNames.Must_be_equatable" computerName="CUTEBUTT" duration="00:00:00.0008451" startTime="2020-03-07T10:56:06.1409461-08:00" endTime="2020-03-07T10:56:06.1409463-08:00" testType="13cdc9d9-ddb5-4fa4-a97d-d965ccfc6d4b" outcome="Passed" testListId="8c84fa94-04c1-424b-9868-57a2d4851a1d" relativeResultsDirectory="de624ed1-08e8-48fe-bbb7-c1accfbec828" />
    <UnitTestResult executionId="6bb8de3f-2cdf-4f78-8ad1-88e2e1a0b26a" testId="c66cfed4-bcc1-c7b2-2859-dda12321e0bb" testName="ProvisionData.Internet.UnitTests.FullyQualifiedDomainNames.Must_be_comparable" computerName="CUTEBUTT" duration="00:00:00.0040072" startTime="2020-03-07T10:56:06.1395736-08:00" endTime="2020-03-07T10:56:06.1395742-08:00" testType="13cdc9d9-ddb5-4fa4-a97d-d965ccfc6d4b" outcome="Passed" testListId="8c84fa94-04c1-424b-9868-57a2d4851a1d" relativeResultsDirectory="6bb8de3f-2cdf-4f78-8ad1-88e2e1a0b26a" />
    <UnitTestResult executionId="ce1a6731-f784-4474-b7e3-8be897f0da39" testId="4cb742e6-e5c7-5cf7-a533-c306ae5fdbcc" testName="ProvisionData.Internet.UnitTests.FullyQualifiedDomainNames.Must_throw_ArgumentException_when_domain_does_not_have_trailing_dot" computerName="CUTEBUTT" duration="00:00:00.0002346" startTime="2020-03-07T10:56:06.1682523-08:00" endTime="2020-03-07T10:56:06.1682525-08:00" testType="13cdc9d9-ddb5-4fa4-a97d-d965ccfc6d4b" outcome="Passed" testListId="8c84fa94-04c1-424b-9868-57a2d4851a1d" relativeResultsDirectory="ce1a6731-f784-4474-b7e3-8be897f0da39" />
    <UnitTestResult executionId="9d535d18-cd07-49a3-9bd8-f939e44d7d9d" testId="0bade20f-06ed-9036-9c2a-ee99b2a3f6d7" testName="ProvisionData.Internet.UnitTests.DomainNames.Must_be_assignable_to_String" computerName="CUTEBUTT" duration="00:00:00.0018278" startTime="2020-03-07T10:56:06.1410426-08:00" endTime="2020-03-07T10:56:06.1410427-08:00" testType="13cdc9d9-ddb5-4fa4-a97d-d965ccfc6d4b" outcome="Passed" testListId="8c84fa94-04c1-424b-9868-57a2d4851a1d" relativeResultsDirectory="9d535d18-cd07-49a3-9bd8-f939e44d7d9d" />
    <UnitTestResult executionId="571d5d14-ba91-4bd5-b263-638d75d6ccb4" testId="e150d58e-ef92-2deb-96aa-b791a21bbd47" testName="ProvisionData.Internet.UnitTests.FullyQualifiedDomainNames.Must_be_comparable_to_String" computerName="CUTEBUTT" duration="00:00:00.0000950" startTime="2020-03-07T10:56:06.1683806-08:00" endTime="2020-03-07T10:56:06.1683808-08:00" testType="13cdc9d9-ddb5-4fa4-a97d-d965ccfc6d4b" outcome="Passed" testListId="8c84fa94-04c1-424b-9868-57a2d4851a1d" relativeResultsDirectory="571d5d14-ba91-4bd5-b263-638d75d6ccb4" />
    <UnitTestResult executionId="8ce1d784-3fb3-4d28-8506-2e376a7dfe6a" testId="e2e746a6-d0ef-d277-a2e0-5461f388f321" testName="ProvisionData.Internet.UnitTests.DomainNames.Must_be_assignable_from_String" computerName="CUTEBUTT" duration="00:00:00.0001005" startTime="2020-03-07T10:56:06.1682876-08:00" endTime="2020-03-07T10:56:06.1682877-08:00" testType="13cdc9d9-ddb5-4fa4-a97d-d965ccfc6d4b" outcome="Passed" testListId="8c84fa94-04c1-424b-9868-57a2d4851a1d" relativeResultsDirectory="8ce1d784-3fb3-4d28-8506-2e376a7dfe6a" />
    <UnitTestResult executionId="f9c01b26-a903-4259-b7ca-df838e17c2be" testId="e86ed840-4744-b7d1-d810-67838830937d" testName="ProvisionData.Internet.UnitTests.FullyQualifiedDomainNames.Must_be_assignable_to_String" computerName="CUTEBUTT" duration="00:00:00.0001453" startTime="2020-03-07T10:56:06.1684148-08:00" endTime="2020-03-07T10:56:06.1684150-08:00" testType="13cdc9d9-ddb5-4fa4-a97d-d965ccfc6d4b" outcome="Passed" testListId="8c84fa94-04c1-424b-9868-57a2d4851a1d" relativeResultsDirectory="f9c01b26-a903-4259-b7ca-df838e17c2be" />
    <UnitTestResult executionId="80dffa7a-5d4c-45de-a5e4-384f04cf3a83" testId="0f8b0aa1-4763-d221-5f05-cbdc0ba7de7a" testName="ProvisionData.Internet.UnitTests.DomainNames.Must_throws_ArgumentNullException_when_domain_null" computerName="CUTEBUTT" duration="00:00:00.0002786" startTime="2020-03-07T10:56:06.1405472-08:00" endTime="2020-03-07T10:56:06.1405476-08:00" testType="13cdc9d9-ddb5-4fa4-a97d-d965ccfc6d4b" outcome="Passed" testListId="8c84fa94-04c1-424b-9868-57a2d4851a1d" relativeResultsDirectory="80dffa7a-5d4c-45de-a5e4-384f04cf3a83" />
    <UnitTestResult executionId="289a1b60-c70a-43d7-a89d-b4e3bd647f41" testId="6443c06b-9e55-d5e3-9352-5cc6ac57eabc" testName="ProvisionData.Internet.UnitTests.DomainNames.Must_throw_ArgumentException_when_domain_is_empty_or_whitespace" computerName="CUTEBUTT" duration="00:00:00.0039981" startTime="2020-03-07T10:56:06.1362266-08:00" endTime="2020-03-07T10:56:06.1363142-08:00" testType="13cdc9d9-ddb5-4fa4-a97d-d965ccfc6d4b" outcome="Passed" testListId="8c84fa94-04c1-424b-9868-57a2d4851a1d" relativeResultsDirectory="289a1b60-c70a-43d7-a89d-b4e3bd647f41" />
    <UnitTestResult executionId="e98dbd9f-36e4-4e99-a786-c25bf0a95abc" testId="866d8589-29ed-9a9d-4a77-76fbdb073a04" testName="ProvisionData.Internet.UnitTests.FullyQualifiedDomainNames.Must_be_assignable_from_String" computerName="CUTEBUTT" duration="00:00:00.0006334" startTime="2020-03-07T10:56:06.1410885-08:00" endTime="2020-03-07T10:56:06.1410887-08:00" testType="13cdc9d9-ddb5-4fa4-a97d-d965ccfc6d4b" outcome="Passed" testListId="8c84fa94-04c1-424b-9868-57a2d4851a1d" relativeResultsDirectory="e98dbd9f-36e4-4e99-a786-c25bf0a95abc" />
    <UnitTestResult executionId="215297e0-f7ca-4129-b396-60246cd78e05" testId="ebd5bbcf-5795-ef6d-883f-b8f134aa0e83" testName="ProvisionData.Internet.UnitTests.DomainNames.Must_be_equatable" computerName="CUTEBUTT" duration="00:00:00.0002927" startTime="2020-03-07T10:56:06.1683282-08:00" endTime="2020-03-07T10:56:06.1683283-08:00" testType="13cdc9d9-ddb5-4fa4-a97d-d965ccfc6d4b" outcome="Passed" testListId="8c84fa94-04c1-424b-9868-57a2d4851a1d" relativeResultsDirectory="215297e0-f7ca-4129-b396-60246cd78e05" />
    <UnitTestResult executionId="ff446932-23eb-47a0-b25e-058c07ffc4d8" testId="33c453db-e8ce-cd6d-0f76-fda49a463fe3" testName="ProvisionData.Internet.UnitTests.FullyQualifiedDomainNames.Must_throw_ArgumentNullException_when_domain_null" computerName="CUTEBUTT" duration="00:00:00.0002151" startTime="2020-03-07T10:56:06.1409972-08:00" endTime="2020-03-07T10:56:06.1409973-08:00" testType="13cdc9d9-ddb5-4fa4-a97d-d965ccfc6d4b" outcome="Passed" testListId="8c84fa94-04c1-424b-9868-57a2d4851a1d" relativeResultsDirectory="ff446932-23eb-47a0-b25e-058c07ffc4d8" />
    <UnitTestResult executionId="14832fc1-1212-47cf-9fe2-966bc2c76aec" testId="3183011c-1a4e-116b-0d66-9ffd4abeec36" testName="ProvisionData.Internet.UnitTests.FullyQualifiedDomainNames.Must_accept_IPv4_or_IPv6_addresses" computerName="CUTEBUTT" duration="00:00:00.0004464" startTime="2020-03-07T10:56:06.1683466-08:00" endTime="2020-03-07T10:56:06.1683468-08:00" testType="13cdc9d9-ddb5-4fa4-a97d-d965ccfc6d4b" outcome="Passed" testListId="8c84fa94-04c1-424b-9868-57a2d4851a1d" relativeResultsDirectory="14832fc1-1212-47cf-9fe2-966bc2c76aec" />
    <UnitTestResult executionId="e7388805-4ae6-4b3d-81c3-35a8892cb0a8" testId="c8e6594b-8b4c-c493-3e10-01ff2d3310bc" testName="ProvisionData.Internet.UnitTests.DomainNames.Must_be_comparable_to_String" computerName="CUTEBUTT" duration="00:00:00.0000961" startTime="2020-03-07T10:56:06.1682144-08:00" endTime="2020-03-07T10:56:06.1682148-08:00" testType="13cdc9d9-ddb5-4fa4-a97d-d965ccfc6d4b" outcome="Passed" testListId="8c84fa94-04c1-424b-9868-57a2d4851a1d" relativeResultsDirectory="e7388805-4ae6-4b3d-81c3-35a8892cb0a8" />
    <UnitTestResult executionId="1c35461f-d452-4cf0-83be-d16287b2e89a" testId="b37895da-a680-160d-33de-409a270d5012" testName="ProvisionData.Internet.UnitTests.FullyQualifiedDomainNames.Must_throw_ArgumentException_when_domain_is_empty_or_whitespace" computerName="CUTEBUTT" duration="00:00:00.0004781" startTime="2020-03-07T10:56:06.1408928-08:00" endTime="2020-03-07T10:56:06.1408932-08:00" testType="13cdc9d9-ddb5-4fa4-a97d-d965ccfc6d4b" outcome="Passed" testListId="8c84fa94-04c1-424b-9868-57a2d4851a1d" relativeResultsDirectory="1c35461f-d452-4cf0-83be-d16287b2e89a" />
    <UnitTestResult executionId="87c6691d-9b83-4b7e-8c3b-74fe12bc5a6f" testId="021b3a94-8d53-d98f-7198-82906eba4fb5" testName="ProvisionData.Internet.UnitTests.DomainNames.Must_be_comparable" computerName="CUTEBUTT" duration="00:00:00.0001636" startTime="2020-03-07T10:56:06.1680855-08:00" endTime="2020-03-07T10:56:06.1680865-08:00" testType="13cdc9d9-ddb5-4fa4-a97d-d965ccfc6d4b" outcome="Passed" testListId="8c84fa94-04c1-424b-9868-57a2d4851a1d" relativeResultsDirectory="87c6691d-9b83-4b7e-8c3b-74fe12bc5a6f" />
  </Results>
  <TestDefinitions>
    <UnitTest name="ProvisionData.Internet.UnitTests.FullyQualifiedDomainNames.Must_be_assignable_from_String" storage="d:\source\pdsi\provisiondata.internet\tests\provisiondata.internet.unittests\bin\release\netcoreapp3.1\provisiondata.internet.unittests.dll" id="866d8589-29ed-9a9d-4a77-76fbdb073a04">
      <Execution id="e98dbd9f-36e4-4e99-a786-c25bf0a95abc" />
      <TestMethod codeBase="D:\Source\PDSI\ProvisionData.Internet\tests\ProvisionData.Internet.UnitTests\bin\Release\netcoreapp3.1\ProvisionData.Internet.UnitTests.dll" adapterTypeName="executor://xunit/VsTestRunner2/netcoreapp" className="ProvisionData.Internet.UnitTests.FullyQualifiedDomainNames" name="ProvisionData.Internet.UnitTests.FullyQualifiedDomainNames.Must_be_assignable_from_String" />
    </UnitTest>
    <UnitTest name="ProvisionData.Internet.UnitTests.FullyQualifiedDomainNames.Must_be_assignable_to_String" storage="d:\source\pdsi\provisiondata.internet\tests\provisiondata.internet.unittests\bin\release\netcoreapp3.1\provisiondata.internet.unittests.dll" id="e86ed840-4744-b7d1-d810-67838830937d">
      <Execution id="f9c01b26-a903-4259-b7ca-df838e17c2be" />
      <TestMethod codeBase="D:\Source\PDSI\ProvisionData.Internet\tests\ProvisionData.Internet.UnitTests\bin\Release\netcoreapp3.1\ProvisionData.Internet.UnitTests.dll" adapterTypeName="executor://xunit/VsTestRunner2/netcoreapp" className="ProvisionData.Internet.UnitTests.FullyQualifiedDomainNames" name="ProvisionData.Internet.UnitTests.FullyQualifiedDomainNames.Must_be_assignable_to_String" />
    </UnitTest>
    <UnitTest name="ProvisionData.Internet.UnitTests.DomainNames.Must_be_comparable" storage="d:\source\pdsi\provisiondata.internet\tests\provisiondata.internet.unittests\bin\release\netcoreapp3.1\provisiondata.internet.unittests.dll" id="021b3a94-8d53-d98f-7198-82906eba4fb5">
      <Execution id="87c6691d-9b83-4b7e-8c3b-74fe12bc5a6f" />
      <TestMethod codeBase="D:\Source\PDSI\ProvisionData.Internet\tests\ProvisionData.Internet.UnitTests\bin\Release\netcoreapp3.1\ProvisionData.Internet.UnitTests.dll" adapterTypeName="executor://xunit/VsTestRunner2/netcoreapp" className="ProvisionData.Internet.UnitTests.DomainNames" name="ProvisionData.Internet.UnitTests.DomainNames.Must_be_comparable" />
    </UnitTest>
    <UnitTest name="ProvisionData.Internet.UnitTests.FullyQualifiedDomainNames.Must_throw_ArgumentException_when_domain_does_not_have_trailing_dot" storage="d:\source\pdsi\provisiondata.internet\tests\provisiondata.internet.unittests\bin\release\netcoreapp3.1\provisiondata.internet.unittests.dll" id="4cb742e6-e5c7-5cf7-a533-c306ae5fdbcc">
      <Execution id="ce1a6731-f784-4474-b7e3-8be897f0da39" />
      <TestMethod codeBase="D:\Source\PDSI\ProvisionData.Internet\tests\ProvisionData.Internet.UnitTests\bin\Release\netcoreapp3.1\ProvisionData.Internet.UnitTests.dll" adapterTypeName="executor://xunit/VsTestRunner2/netcoreapp" className="ProvisionData.Internet.UnitTests.FullyQualifiedDomainNames" name="ProvisionData.Internet.UnitTests.FullyQualifiedDomainNames.Must_throw_ArgumentException_when_domain_does_not_have_trailing_dot" />
    </UnitTest>
    <UnitTest name="ProvisionData.Internet.UnitTests.DomainNames.Must_be_assignable_from_String" storage="d:\source\pdsi\provisiondata.internet\tests\provisiondata.internet.unittests\bin\release\netcoreapp3.1\provisiondata.internet.unittests.dll" id="e2e746a6-d0ef-d277-a2e0-5461f388f321">
      <Execution id="8ce1d784-3fb3-4d28-8506-2e376a7dfe6a" />
      <TestMethod codeBase="D:\Source\PDSI\ProvisionData.Internet\tests\ProvisionData.Internet.UnitTests\bin\Release\netcoreapp3.1\ProvisionData.Internet.UnitTests.dll" adapterTypeName="executor://xunit/VsTestRunner2/netcoreapp" className="ProvisionData.Internet.UnitTests.DomainNames" name="ProvisionData.Internet.UnitTests.DomainNames.Must_be_assignable_from_String" />
    </UnitTest>
    <UnitTest name="ProvisionData.Internet.UnitTests.DomainNames.Must_be_equatable" storage="d:\source\pdsi\provisiondata.internet\tests\provisiondata.internet.unittests\bin\release\netcoreapp3.1\provisiondata.internet.unittests.dll" id="ebd5bbcf-5795-ef6d-883f-b8f134aa0e83">
      <Execution id="215297e0-f7ca-4129-b396-60246cd78e05" />
      <TestMethod codeBase="D:\Source\PDSI\ProvisionData.Internet\tests\ProvisionData.Internet.UnitTests\bin\Release\netcoreapp3.1\ProvisionData.Internet.UnitTests.dll" adapterTypeName="executor://xunit/VsTestRunner2/netcoreapp" className="ProvisionData.Internet.UnitTests.DomainNames" name="ProvisionData.Internet.UnitTests.DomainNames.Must_be_equatable" />
    </UnitTest>
    <UnitTest name="ProvisionData.Internet.UnitTests.FullyQualifiedDomainNames.Must_throw_ArgumentException_when_domain_is_empty_or_whitespace" storage="d:\source\pdsi\provisiondata.internet\tests\provisiondata.internet.unittests\bin\release\netcoreapp3.1\provisiondata.internet.unittests.dll" id="b37895da-a680-160d-33de-409a270d5012">
      <Execution id="1c35461f-d452-4cf0-83be-d16287b2e89a" />
      <TestMethod codeBase="D:\Source\PDSI\ProvisionData.Internet\tests\ProvisionData.Internet.UnitTests\bin\Release\netcoreapp3.1\ProvisionData.Internet.UnitTests.dll" adapterTypeName="executor://xunit/VsTestRunner2/netcoreapp" className="ProvisionData.Internet.UnitTests.FullyQualifiedDomainNames" name="ProvisionData.Internet.UnitTests.FullyQualifiedDomainNames.Must_throw_ArgumentException_when_domain_is_empty_or_whitespace" />
    </UnitTest>
    <UnitTest name="ProvisionData.Internet.UnitTests.FullyQualifiedDomainNames.Must_be_comparable_to_String" storage="d:\source\pdsi\provisiondata.internet\tests\provisiondata.internet.unittests\bin\release\netcoreapp3.1\provisiondata.internet.unittests.dll" id="e150d58e-ef92-2deb-96aa-b791a21bbd47">
      <Execution id="571d5d14-ba91-4bd5-b263-638d75d6ccb4" />
      <TestMethod codeBase="D:\Source\PDSI\ProvisionData.Internet\tests\ProvisionData.Internet.UnitTests\bin\Release\netcoreapp3.1\ProvisionData.Internet.UnitTests.dll" adapterTypeName="executor://xunit/VsTestRunner2/netcoreapp" className="ProvisionData.Internet.UnitTests.FullyQualifiedDomainNames" name="ProvisionData.Internet.UnitTests.FullyQualifiedDomainNames.Must_be_comparable_to_String" />
    </UnitTest>
    <UnitTest name="ProvisionData.Internet.UnitTests.DomainNames.Must_be_comparable_to_String" storage="d:\source\pdsi\provisiondata.internet\tests\provisiondata.internet.unittests\bin\release\netcoreapp3.1\provisiondata.internet.unittests.dll" id="c8e6594b-8b4c-c493-3e10-01ff2d3310bc">
      <Execution id="e7388805-4ae6-4b3d-81c3-35a8892cb0a8" />
      <TestMethod codeBase="D:\Source\PDSI\ProvisionData.Internet\tests\ProvisionData.Internet.UnitTests\bin\Release\netcoreapp3.1\ProvisionData.Internet.UnitTests.dll" adapterTypeName="executor://xunit/VsTestRunner2/netcoreapp" className="ProvisionData.Internet.UnitTests.DomainNames" name="ProvisionData.Internet.UnitTests.DomainNames.Must_be_comparable_to_String" />
    </UnitTest>
    <UnitTest name="ProvisionData.Internet.UnitTests.FullyQualifiedDomainNames.Must_be_comparable" storage="d:\source\pdsi\provisiondata.internet\tests\provisiondata.internet.unittests\bin\release\netcoreapp3.1\provisiondata.internet.unittests.dll" id="c66cfed4-bcc1-c7b2-2859-dda12321e0bb">
      <Execution id="6bb8de3f-2cdf-4f78-8ad1-88e2e1a0b26a" />
      <TestMethod codeBase="D:\Source\PDSI\ProvisionData.Internet\tests\ProvisionData.Internet.UnitTests\bin\Release\netcoreapp3.1\ProvisionData.Internet.UnitTests.dll" adapterTypeName="executor://xunit/VsTestRunner2/netcoreapp" className="ProvisionData.Internet.UnitTests.FullyQualifiedDomainNames" name="ProvisionData.Internet.UnitTests.FullyQualifiedDomainNames.Must_be_comparable" />
    </UnitTest>
    <UnitTest name="ProvisionData.Internet.UnitTests.DomainNames.Must_throws_ArgumentNullException_when_domain_null" storage="d:\source\pdsi\provisiondata.internet\tests\provisiondata.internet.unittests\bin\release\netcoreapp3.1\provisiondata.internet.unittests.dll" id="0f8b0aa1-4763-d221-5f05-cbdc0ba7de7a">
      <Execution id="80dffa7a-5d4c-45de-a5e4-384f04cf3a83" />
      <TestMethod codeBase="D:\Source\PDSI\ProvisionData.Internet\tests\ProvisionData.Internet.UnitTests\bin\Release\netcoreapp3.1\ProvisionData.Internet.UnitTests.dll" adapterTypeName="executor://xunit/VsTestRunner2/netcoreapp" className="ProvisionData.Internet.UnitTests.DomainNames" name="ProvisionData.Internet.UnitTests.DomainNames.Must_throws_ArgumentNullException_when_domain_null" />
    </UnitTest>
    <UnitTest name="ProvisionData.Internet.UnitTests.DomainNames.Must_throw_ArgumentException_when_domain_is_empty_or_whitespace" storage="d:\source\pdsi\provisiondata.internet\tests\provisiondata.internet.unittests\bin\release\netcoreapp3.1\provisiondata.internet.unittests.dll" id="6443c06b-9e55-d5e3-9352-5cc6ac57eabc">
      <Execution id="289a1b60-c70a-43d7-a89d-b4e3bd647f41" />
      <TestMethod codeBase="D:\Source\PDSI\ProvisionData.Internet\tests\ProvisionData.Internet.UnitTests\bin\Release\netcoreapp3.1\ProvisionData.Internet.UnitTests.dll" adapterTypeName="executor://xunit/VsTestRunner2/netcoreapp" className="ProvisionData.Internet.UnitTests.DomainNames" name="ProvisionData.Internet.UnitTests.DomainNames.Must_throw_ArgumentException_when_domain_is_empty_or_whitespace" />
    </UnitTest>
    <UnitTest name="ProvisionData.Internet.UnitTests.DomainNames.Must_be_assignable_to_String" storage="d:\source\pdsi\provisiondata.internet\tests\provisiondata.internet.unittests\bin\release\netcoreapp3.1\provisiondata.internet.unittests.dll" id="0bade20f-06ed-9036-9c2a-ee99b2a3f6d7">
      <Execution id="9d535d18-cd07-49a3-9bd8-f939e44d7d9d" />
      <TestMethod codeBase="D:\Source\PDSI\ProvisionData.Internet\tests\ProvisionData.Internet.UnitTests\bin\Release\netcoreapp3.1\ProvisionData.Internet.UnitTests.dll" adapterTypeName="executor://xunit/VsTestRunner2/netcoreapp" className="ProvisionData.Internet.UnitTests.DomainNames" name="ProvisionData.Internet.UnitTests.DomainNames.Must_be_assignable_to_String" />
    </UnitTest>
    <UnitTest name="ProvisionData.Internet.UnitTests.FullyQualifiedDomainNames.Must_accept_IPv4_or_IPv6_addresses" storage="d:\source\pdsi\provisiondata.internet\tests\provisiondata.internet.unittests\bin\release\netcoreapp3.1\provisiondata.internet.unittests.dll" id="3183011c-1a4e-116b-0d66-9ffd4abeec36">
      <Execution id="14832fc1-1212-47cf-9fe2-966bc2c76aec" />
      <TestMethod codeBase="D:\Source\PDSI\ProvisionData.Internet\tests\ProvisionData.Internet.UnitTests\bin\Release\netcoreapp3.1\ProvisionData.Internet.UnitTests.dll" adapterTypeName="executor://xunit/VsTestRunner2/netcoreapp" className="ProvisionData.Internet.UnitTests.FullyQualifiedDomainNames" name="ProvisionData.Internet.UnitTests.FullyQualifiedDomainNames.Must_accept_IPv4_or_IPv6_addresses" />
    </UnitTest>
    <UnitTest name="ProvisionData.Internet.UnitTests.FullyQualifiedDomainNames.Must_throw_ArgumentNullException_when_domain_null" storage="d:\source\pdsi\provisiondata.internet\tests\provisiondata.internet.unittests\bin\release\netcoreapp3.1\provisiondata.internet.unittests.dll" id="33c453db-e8ce-cd6d-0f76-fda49a463fe3">
      <Execution id="ff446932-23eb-47a0-b25e-058c07ffc4d8" />
      <TestMethod codeBase="D:\Source\PDSI\ProvisionData.Internet\tests\ProvisionData.Internet.UnitTests\bin\Release\netcoreapp3.1\ProvisionData.Internet.UnitTests.dll" adapterTypeName="executor://xunit/VsTestRunner2/netcoreapp" className="ProvisionData.Internet.UnitTests.FullyQualifiedDomainNames" name="ProvisionData.Internet.UnitTests.FullyQualifiedDomainNames.Must_throw_ArgumentNullException_when_domain_null" />
    </UnitTest>
    <UnitTest name="ProvisionData.Internet.UnitTests.FullyQualifiedDomainNames.Must_be_equatable" storage="d:\source\pdsi\provisiondata.internet\tests\provisiondata.internet.unittests\bin\release\netcoreapp3.1\provisiondata.internet.unittests.dll" id="a498a09d-29a3-4eab-b16a-3280868b4991">
      <Execution id="de624ed1-08e8-48fe-bbb7-c1accfbec828" />
      <TestMethod codeBase="D:\Source\PDSI\ProvisionData.Internet\tests\ProvisionData.Internet.UnitTests\bin\Release\netcoreapp3.1\ProvisionData.Internet.UnitTests.dll" adapterTypeName="executor://xunit/VsTestRunner2/netcoreapp" className="ProvisionData.Internet.UnitTests.FullyQualifiedDomainNames" name="ProvisionData.Internet.UnitTests.FullyQualifiedDomainNames.Must_be_equatable" />
    </UnitTest>
  </TestDefinitions>
  <TestEntries>
    <TestEntry testId="a498a09d-29a3-4eab-b16a-3280868b4991" executionId="de624ed1-08e8-48fe-bbb7-c1accfbec828" testListId="8c84fa94-04c1-424b-9868-57a2d4851a1d" />
    <TestEntry testId="c66cfed4-bcc1-c7b2-2859-dda12321e0bb" executionId="6bb8de3f-2cdf-4f78-8ad1-88e2e1a0b26a" testListId="8c84fa94-04c1-424b-9868-57a2d4851a1d" />
    <TestEntry testId="4cb742e6-e5c7-5cf7-a533-c306ae5fdbcc" executionId="ce1a6731-f784-4474-b7e3-8be897f0da39" testListId="8c84fa94-04c1-424b-9868-57a2d4851a1d" />
    <TestEntry testId="0bade20f-06ed-9036-9c2a-ee99b2a3f6d7" executionId="9d535d18-cd07-49a3-9bd8-f939e44d7d9d" testListId="8c84fa94-04c1-424b-9868-57a2d4851a1d" />
    <TestEntry testId="e150d58e-ef92-2deb-96aa-b791a21bbd47" executionId="571d5d14-ba91-4bd5-b263-638d75d6ccb4" testListId="8c84fa94-04c1-424b-9868-57a2d4851a1d" />
    <TestEntry testId="e2e746a6-d0ef-d277-a2e0-5461f388f321" executionId="8ce1d784-3fb3-4d28-8506-2e376a7dfe6a" testListId="8c84fa94-04c1-424b-9868-57a2d4851a1d" />
    <TestEntry testId="e86ed840-4744-b7d1-d810-67838830937d" executionId="f9c01b26-a903-4259-b7ca-df838e17c2be" testListId="8c84fa94-04c1-424b-9868-57a2d4851a1d" />
    <TestEntry testId="0f8b0aa1-4763-d221-5f05-cbdc0ba7de7a" executionId="80dffa7a-5d4c-45de-a5e4-384f04cf3a83" testListId="8c84fa94-04c1-424b-9868-57a2d4851a1d" />
    <TestEntry testId="6443c06b-9e55-d5e3-9352-5cc6ac57eabc" executionId="289a1b60-c70a-43d7-a89d-b4e3bd647f41" testListId="8c84fa94-04c1-424b-9868-57a2d4851a1d" />
    <TestEntry testId="866d8589-29ed-9a9d-4a77-76fbdb073a04" executionId="e98dbd9f-36e4-4e99-a786-c25bf0a95abc" testListId="8c84fa94-04c1-424b-9868-57a2d4851a1d" />
    <TestEntry testId="ebd5bbcf-5795-ef6d-883f-b8f134aa0e83" executionId="215297e0-f7ca-4129-b396-60246cd78e05" testListId="8c84fa94-04c1-424b-9868-57a2d4851a1d" />
    <TestEntry testId="33c453db-e8ce-cd6d-0f76-fda49a463fe3" executionId="ff446932-23eb-47a0-b25e-058c07ffc4d8" testListId="8c84fa94-04c1-424b-9868-57a2d4851a1d" />
    <TestEntry testId="3183011c-1a4e-116b-0d66-9ffd4abeec36" executionId="14832fc1-1212-47cf-9fe2-966bc2c76aec" testListId="8c84fa94-04c1-424b-9868-57a2d4851a1d" />
    <TestEntry testId="c8e6594b-8b4c-c493-3e10-01ff2d3310bc" executionId="e7388805-4ae6-4b3d-81c3-35a8892cb0a8" testListId="8c84fa94-04c1-424b-9868-57a2d4851a1d" />
    <TestEntry testId="b37895da-a680-160d-33de-409a270d5012" executionId="1c35461f-d452-4cf0-83be-d16287b2e89a" testListId="8c84fa94-04c1-424b-9868-57a2d4851a1d" />
    <TestEntry testId="021b3a94-8d53-d98f-7198-82906eba4fb5" executionId="87c6691d-9b83-4b7e-8c3b-74fe12bc5a6f" testListId="8c84fa94-04c1-424b-9868-57a2d4851a1d" />
  </TestEntries>
  <TestLists>
    <TestList name="Results Not in a List" id="8c84fa94-04c1-424b-9868-57a2d4851a1d" />
    <TestList name="All Loaded Results" id="19431567-8539-422a-85d7-44ee4e166bda" />
  </TestLists>
  <ResultSummary outcome="Completed">
    <Counters total="16" executed="16" passed="16" failed="0" error="0" timeout="0" aborted="0" inconclusive="0" passedButRunAborted="0" notRunnable="0" notExecuted="0" disconnected="0" warning="0" completed="0" inProgress="0" pending="0" />
    <Output>
      <StdOut>[xUnit.net 00:00:00.00] xUnit.net VSTest Adapter v2.4.0 (64-bit .NET Core 3.1.2)&#xD;
[xUnit.net 00:00:00.32]   Discovering: ProvisionData.Internet.UnitTests&#xD;
[xUnit.net 00:00:00.35]   Discovered:  ProvisionData.Internet.UnitTests&#xD;
[xUnit.net 00:00:00.35]   Starting:    ProvisionData.Internet.UnitTests&#xD;
[xUnit.net 00:00:00.45]   Finished:    ProvisionData.Internet.UnitTests&#xD;
</StdOut>
    </Output>
  </ResultSummary>
</TestRun>